{"name": "Проверка увеличения счётчика 'Выполнено за сегодня' при создании нового заказа", "status": "failed", "statusDetails": {"message": "AssertionError: assert 522 == (522 + 1)\n +  where 522 = <bound method OrdersFeedPage.get_count_completed_orders_for_today of <pages.orders_feed_page.OrdersFeedPage object at 0x106aa8860>>()\n +    where <bound method OrdersFeedPage.get_count_completed_orders_for_today of <pages.orders_feed_page.OrdersFeedPage object at 0x106aa8860>> = <pages.orders_feed_page.OrdersFeedPage object at 0x106aa8860>.get_count_completed_orders_for_today", "trace": "self = <tests.test_order_feed.TestSectionOrderFeed object at 0x1068d3710>, user = {'email': 'devedward51@example.com', 'password': '&x1%tNkynD'}, logged = None\nheader = <pages.header.Header object at 0x1069d34a0>, index_page = <pages.index_page.IndexPage object at 0x106aa8740>\norder_feed_page = <pages.orders_feed_page.OrdersFeedPage object at 0x106aa8860>\n\n    @allure.title(\"Проверка увеличения счётчика 'Выполнено за сегодня' при создании нового заказа\")\n    def test_increases_completed_for_today_counter_after_creating_order(self, user, logged, header, index_page,\n                                                                        order_feed_page):\n        header.click_by_link_orders_feed()\n        counter_before = order_feed_page.get_count_completed_orders_for_today()\n        header.click_by_link_constructor()\n        create_order(index_page)\n        header.click_by_link_orders_feed()\n        with allure.step('Проверяем увеличение счетчика'):\n>           assert order_feed_page.get_count_completed_orders_for_today() == counter_before + 1\nE           assert 522 == (522 + 1)\nE            +  where 522 = <bound method OrdersFeedPage.get_count_completed_orders_for_today of <pages.orders_feed_page.OrdersFeedPage object at 0x106aa8860>>()\nE            +    where <bound method OrdersFeedPage.get_count_completed_orders_for_today of <pages.orders_feed_page.OrdersFeedPage object at 0x106aa8860>> = <pages.orders_feed_page.OrdersFeedPage object at 0x106aa8860>.get_count_completed_orders_for_today\n\ntests/test_order_feed.py:54: AssertionError"}, "steps": [{"name": "Клик на ссылку 'Лента Заказов' в шапке сайта", "status": "passed", "start": 1721429477172, "stop": 1721429477917}, {"name": "Получаем количество выполненных заказов за сегодня", "status": "passed", "start": 1721429477917, "stop": 1721429478443}, {"name": "Клик на ссылку 'Конструктор' в шапке сайта", "status": "passed", "start": 1721429478443, "stop": 1721429478687}, {"name": "Добавляем ингредиент в заказ", "status": "passed", "parameters": [{"name": "index", "value": "1"}], "start": 1721429478688, "stop": 1721429478799}, {"name": "Добавляем ингредиент в заказ", "status": "passed", "parameters": [{"name": "index", "value": "4"}], "start": 1721429478799, "stop": 1721429478905}, {"name": "Клик на кнопку 'Оформить заказ'", "status": "passed", "start": 1721429478905, "stop": 1721429479129}, {"name": "Клик на крестик во всплывающем окне", "status": "passed", "start": 1721429479129, "stop": 1721429480892}, {"name": "Клик на ссылку 'Лента Заказов' в шапке сайта", "status": "passed", "start": 1721429480892, "stop": 1721429481125}, {"name": "Проверяем увеличение счетчика", "status": "failed", "statusDetails": {"message": "AssertionError: assert 522 == (522 + 1)\n +  where 522 = <bound method OrdersFeedPage.get_count_completed_orders_for_today of <pages.orders_feed_page.OrdersFeedPage object at 0x106aa8860>>()\n +    where <bound method OrdersFeedPage.get_count_completed_orders_for_today of <pages.orders_feed_page.OrdersFeedPage object at 0x106aa8860>> = <pages.orders_feed_page.OrdersFeedPage object at 0x106aa8860>.get_count_completed_orders_for_today\n", "trace": "  File \"/Users/dunaeva.ev/Desktop/Diplom/Diplom_3/tests/test_order_feed.py\", line 54, in test_increases_completed_for_today_counter_after_creating_order\n    assert order_feed_page.get_count_completed_orders_for_today() == counter_before + 1\n"}, "steps": [{"name": "Получаем количество выполненных заказов за сегодня", "status": "passed", "start": 1721429481125, "stop": 1721429481149}], "start": 1721429481125, "stop": 1721429481149}], "parameters": [{"name": "web_drv", "value": "'firefox'"}], "start": 1721429477172, "stop": 1721429481150, "uuid": "e6862fb6-57e2-4529-a727-e98c1599ec26", "historyId": "8b36d0dc425a858d9f550481f5c1af3b", "testCaseId": "5b6fec177ab65104e3157ba5815e7631", "fullName": "tests.test_order_feed.TestSectionOrderFeed#test_increases_completed_for_today_counter_after_creating_order", "labels": [{"name": "parentSuite", "value": "tests"}, {"name": "suite", "value": "test_order_feed"}, {"name": "subSuite", "value": "TestSectionOrderFeed"}, {"name": "host", "value": "NB-ISC-14346"}, {"name": "thread", "value": "93737-MainThread"}, {"name": "framework", "value": "pytest"}, {"name": "language", "value": "cpython3"}, {"name": "package", "value": "tests.test_order_feed"}]}