{"name": "Проверка появления номера заказа в разделе 'В работе' после его оформления", "status": "failed", "statusDetails": {"message": "AssertionError: assert '0' in ['098395']", "trace": "self = <tests.test_order_feed.TestSectionOrderFeed object at 0x104fd74d0>, user = {'email': 'devcvillanueva@example.com', 'password': '7!1D9wCd_B'}, logged = None\nheader = <pages.header.Header object at 0x1051a1460>, index_page = <pages.index_page.IndexPage object at 0x1051cef30>\norder_feed_page = <pages.orders_feed_page.OrdersFeedPage object at 0x1051ccc50>\n\n    @allure.title(\"Проверка появления номера заказа в разделе 'В работе' после его оформления\")\n    def test_order_number_appears_in_section_in_progress(self, user, logged, header,\n                                                                           index_page, order_feed_page):\n        index_page.add_ingredient_to_order_by_index(0)\n        index_page.add_ingredient_to_order_by_index(3)\n        index_page.click_button_place_order()\n        index_page.click_cross_button_in_popup_window()\n        order_number = index_page.get_order_number_fom_order_confirm_window()\n        header.click_by_link_orders_feed()\n        order_numbers_in_progress = order_feed_page.get_orders_number_in_progress()\n    \n        with allure.step(f\"Проверяем номер нового заказа - {order_number}\"\n                         f\" в разделе 'В работе' {order_numbers_in_progress}\"):\n>           assert order_number in order_numbers_in_progress\nE           AssertionError: assert '0' in ['098395']\n\ntests/test_order_feed.py:69: AssertionError"}, "steps": [{"name": "Добавляем ингредиент в заказ", "status": "passed", "parameters": [{"name": "index", "value": "0"}], "start": 1721429837131, "stop": 1721429837257}, {"name": "Добавляем ингредиент в заказ", "status": "passed", "parameters": [{"name": "index", "value": "3"}], "start": 1721429837257, "stop": 1721429837364}, {"name": "Клик на кнопку 'Оформить заказ'", "status": "passed", "start": 1721429837364, "stop": 1721429837587}, {"name": "Клик на крестик во всплывающем окне", "status": "passed", "start": 1721429837587, "stop": 1721429839351}, {"name": "Получаем номер заказа из окна подтверждения заказа", "status": "passed", "start": 1721429839351, "stop": 1721429839359}, {"name": "Клик на ссылку 'Лента Заказов' в шапке сайта", "status": "passed", "start": 1721429839359, "stop": 1721429839591}, {"name": "Получаем список заказов в работе", "status": "passed", "start": 1721429839591, "stop": 1721429842192}, {"name": "Проверяем номер нового заказа - 0 в разделе 'В работе' ['098395']", "status": "failed", "statusDetails": {"message": "AssertionError: assert '0' in ['098395']\n", "trace": "  File \"/Users/dunaeva.ev/Desktop/Diplom/Diplom_3/tests/test_order_feed.py\", line 69, in test_order_number_appears_in_section_in_progress\n    assert order_number in order_numbers_in_progress\n"}, "start": 1721429842192, "stop": 1721429842192}], "parameters": [{"name": "web_drv", "value": "'firefox'"}], "start": 1721429837131, "stop": 1721429842193, "uuid": "60487cd8-97b4-4373-b5f8-49c86e8701e7", "historyId": "3e3289e0847a3f0753ae4c20455967da", "testCaseId": "e579304f03bcd3cbee2654df9430c9a1", "fullName": "tests.test_order_feed.TestSectionOrderFeed#test_order_number_appears_in_section_in_progress", "labels": [{"name": "parentSuite", "value": "tests"}, {"name": "suite", "value": "test_order_feed"}, {"name": "subSuite", "value": "TestSectionOrderFeed"}, {"name": "host", "value": "NB-ISC-14346"}, {"name": "thread", "value": "94925-MainThread"}, {"name": "framework", "value": "pytest"}, {"name": "language", "value": "cpython3"}, {"name": "package", "value": "tests.test_order_feed"}]}