{"name": "Проверка увеличения счётчика 'Выполнено за сегодня' при создании нового заказа", "status": "failed", "statusDetails": {"message": "AssertionError: assert 580 == (580 + 1)\n +  where 580 = <bound method OrdersFeedPage.get_count_completed_orders_for_today of <pages.orders_feed_page.OrdersFeedPage object at 0x10d2ad2b0>>()\n +    where <bound method OrdersFeedPage.get_count_completed_orders_for_today of <pages.orders_feed_page.OrdersFeedPage object at 0x10d2ad2b0>> = <pages.orders_feed_page.OrdersFeedPage object at 0x10d2ad2b0>.get_count_completed_orders_for_today", "trace": "self = <tests.test_order_feed.TestSectionOrderFeed object at 0x10d0d7230>, user = {'email': 'devfrankstevenson@example.net', 'password': 'xFN_1Myo%_'}, logged = None\nheader = <pages.header.Header object at 0x10d145af0>, index_page = <pages.index_page.IndexPage object at 0x10d2ad100>\norder_feed_page = <pages.orders_feed_page.OrdersFeedPage object at 0x10d2ad2b0>\n\n    @allure.title(\"Проверка увеличения счётчика 'Выполнено за сегодня' при создании нового заказа\")\n    def test_increases_completed_for_today_counter_after_creating_order(self, user, logged, header, index_page,\n                                                                        order_feed_page):\n        header.click_by_link_orders_feed()\n        counter_before = order_feed_page.get_count_completed_orders_for_today()\n        header.click_by_link_constructor()\n        create_order(index_page)\n        header.click_by_link_orders_feed()\n        with allure.step('Проверяем увеличение счетчика'):\n>           assert order_feed_page.get_count_completed_orders_for_today() == counter_before + 1\nE           assert 580 == (580 + 1)\nE            +  where 580 = <bound method OrdersFeedPage.get_count_completed_orders_for_today of <pages.orders_feed_page.OrdersFeedPage object at 0x10d2ad2b0>>()\nE            +    where <bound method OrdersFeedPage.get_count_completed_orders_for_today of <pages.orders_feed_page.OrdersFeedPage object at 0x10d2ad2b0>> = <pages.orders_feed_page.OrdersFeedPage object at 0x10d2ad2b0>.get_count_completed_orders_for_today\n\ntests/test_order_feed.py:54: AssertionError"}, "steps": [{"name": "Клик на ссылку 'Лента Заказов' в шапке сайта", "status": "passed", "start": 1721430248338, "stop": 1721430249085}, {"name": "Получаем количество выполненных заказов за сегодня", "status": "passed", "start": 1721430249085, "stop": 1721430249608}, {"name": "Клик на ссылку 'Конструктор' в шапке сайта", "status": "passed", "start": 1721430249608, "stop": 1721430249852}, {"name": "Добавляем ингредиент в заказ", "status": "passed", "parameters": [{"name": "index", "value": "1"}], "start": 1721430249853, "stop": 1721430249966}, {"name": "Добавляем ингредиент в заказ", "status": "passed", "parameters": [{"name": "index", "value": "4"}], "start": 1721430249966, "stop": 1721430250070}, {"name": "Клик на кнопку 'Оформить заказ'", "status": "passed", "start": 1721430250070, "stop": 1721430250298}, {"name": "Клик на крестик во всплывающем окне", "status": "passed", "start": 1721430250298, "stop": 1721430252067}, {"name": "Клик на ссылку 'Лента Заказов' в шапке сайта", "status": "passed", "start": 1721430252067, "stop": 1721430252300}, {"name": "Проверяем увеличение счетчика", "status": "failed", "statusDetails": {"message": "AssertionError: assert 580 == (580 + 1)\n +  where 580 = <bound method OrdersFeedPage.get_count_completed_orders_for_today of <pages.orders_feed_page.OrdersFeedPage object at 0x10d2ad2b0>>()\n +    where <bound method OrdersFeedPage.get_count_completed_orders_for_today of <pages.orders_feed_page.OrdersFeedPage object at 0x10d2ad2b0>> = <pages.orders_feed_page.OrdersFeedPage object at 0x10d2ad2b0>.get_count_completed_orders_for_today\n", "trace": "  File \"/Users/dunaeva.ev/Desktop/Diplom/Diplom_3/tests/test_order_feed.py\", line 54, in test_increases_completed_for_today_counter_after_creating_order\n    assert order_feed_page.get_count_completed_orders_for_today() == counter_before + 1\n"}, "steps": [{"name": "Получаем количество выполненных заказов за сегодня", "status": "passed", "start": 1721430252300, "stop": 1721430252313}], "start": 1721430252300, "stop": 1721430252314}], "parameters": [{"name": "web_drv", "value": "'firefox'"}], "start": 1721430248338, "stop": 1721430252314, "uuid": "ad4abe1e-ead7-4d13-9003-41e4f6376003", "historyId": "8b36d0dc425a858d9f550481f5c1af3b", "testCaseId": "5b6fec177ab65104e3157ba5815e7631", "fullName": "tests.test_order_feed.TestSectionOrderFeed#test_increases_completed_for_today_counter_after_creating_order", "labels": [{"name": "parentSuite", "value": "tests"}, {"name": "suite", "value": "test_order_feed"}, {"name": "subSuite", "value": "TestSectionOrderFeed"}, {"name": "host", "value": "NB-ISC-14346"}, {"name": "thread", "value": "96738-MainThread"}, {"name": "framework", "value": "pytest"}, {"name": "language", "value": "cpython3"}, {"name": "package", "value": "tests.test_order_feed"}]}