{"name": "Проверка появления номера заказа в разделе 'В работе' после его оформления", "status": "failed", "statusDetails": {"message": "AssertionError: assert '0' in ['098469']", "trace": "self = <tests.test_order_feed.TestSectionOrderFeed object at 0x1070d7500>, user = {'email': 'devmooreloretta@example.org', 'password': '*aXAObmI+5'}, logged = None\nheader = <pages.header.Header object at 0x1072b5520>, index_page = <pages.index_page.IndexPage object at 0x107278b30>\norder_feed_page = <pages.orders_feed_page.OrdersFeedPage object at 0x107278ce0>\n\n    @allure.title(\"Проверка появления номера заказа в разделе 'В работе' после его оформления\")\n    def test_order_number_appears_in_section_in_progress(self, user, logged, header,\n                                                                           index_page, order_feed_page):\n        index_page.add_ingredient_to_order_by_index(0)\n        index_page.add_ingredient_to_order_by_index(3)\n        index_page.click_button_place_order()\n        index_page.click_cross_button_in_popup_window()\n        order_number = index_page.get_order_number_fom_order_confirm_window()\n        header.click_by_link_orders_feed()\n        order_numbers_in_progress = order_feed_page.get_orders_number_in_progress()\n    \n        with allure.step(f\"Проверяем номер нового заказа - {order_number}\"\n                         f\" в разделе 'В работе' {order_numbers_in_progress}\"):\n>           assert order_number in order_numbers_in_progress\nE           AssertionError: assert '0' in ['098469']\n\ntests/test_order_feed.py:69: AssertionError"}, "steps": [{"name": "Добавляем ингредиент в заказ", "status": "passed", "parameters": [{"name": "index", "value": "0"}], "start": 1721430798694, "stop": 1721430798837}, {"name": "Добавляем ингредиент в заказ", "status": "passed", "parameters": [{"name": "index", "value": "3"}], "start": 1721430798837, "stop": 1721430798956}, {"name": "Клик на кнопку 'Оформить заказ'", "status": "passed", "start": 1721430798956, "stop": 1721430799182}, {"name": "Клик на крестик во всплывающем окне", "status": "passed", "start": 1721430799182, "stop": 1721430800947}, {"name": "Получаем номер заказа из окна подтверждения заказа", "status": "passed", "start": 1721430800948, "stop": 1721430800955}, {"name": "Клик на ссылку 'Лента Заказов' в шапке сайта", "status": "passed", "start": 1721430800955, "stop": 1721430801183}, {"name": "Получаем список заказов в работе", "status": "passed", "start": 1721430801183, "stop": 1721430803929}, {"name": "Проверяем номер нового заказа - 0 в разделе 'В работе' ['098469']", "status": "failed", "statusDetails": {"message": "AssertionError: assert '0' in ['098469']\n", "trace": "  File \"/Users/dunaeva.ev/Desktop/Diplom/Diplom_3/tests/test_order_feed.py\", line 69, in test_order_number_appears_in_section_in_progress\n    assert order_number in order_numbers_in_progress\n"}, "start": 1721430803929, "stop": 1721430803930}], "parameters": [{"name": "web_drv", "value": "'firefox'"}], "start": 1721430798694, "stop": 1721430803930, "uuid": "a600eeba-4eff-43d4-8cf2-5577ef741e1a", "historyId": "3e3289e0847a3f0753ae4c20455967da", "testCaseId": "e579304f03bcd3cbee2654df9430c9a1", "fullName": "tests.test_order_feed.TestSectionOrderFeed#test_order_number_appears_in_section_in_progress", "labels": [{"name": "parentSuite", "value": "tests"}, {"name": "suite", "value": "test_order_feed"}, {"name": "subSuite", "value": "TestSectionOrderFeed"}, {"name": "host", "value": "NB-ISC-14346"}, {"name": "thread", "value": "98562-MainThread"}, {"name": "framework", "value": "pytest"}, {"name": "language", "value": "cpython3"}, {"name": "package", "value": "tests.test_order_feed"}]}