{"name": "Проверка увеличения счётчика 'Выполнено за сегодня' при создании нового заказа", "status": "failed", "statusDetails": {"message": "AssertionError: assert 636 == (636 + 1)\n +  where 636 = <bound method OrdersFeedPage.get_count_completed_orders_for_today of <pages.orders_feed_page.OrdersFeedPage object at 0x10a569400>>()\n +    where <bound method OrdersFeedPage.get_count_completed_orders_for_today of <pages.orders_feed_page.OrdersFeedPage object at 0x10a569400>> = <pages.orders_feed_page.OrdersFeedPage object at 0x10a569400>.get_count_completed_orders_for_today", "trace": "self = <tests.test_order_feed.TestSectionOrderFeed object at 0x10a3d7290>, user = {'email': 'devkaren09@example.net', 'password': 'qTg3I!in&+'}, logged = None\nheader = <pages.header.Header object at 0x10a4d30e0>, index_page = <pages.index_page.IndexPage object at 0x10a5692e0>\norder_feed_page = <pages.orders_feed_page.OrdersFeedPage object at 0x10a569400>\n\n    @allure.title(\"Проверка увеличения счётчика 'Выполнено за сегодня' при создании нового заказа\")\n    def test_increases_completed_for_today_counter_after_creating_order(self, user, logged, header, index_page,\n                                                                        order_feed_page):\n        header.click_by_link_orders_feed()\n        counter_before = order_feed_page.get_count_completed_orders_for_today()\n        header.click_by_link_constructor()\n        create_order(index_page)\n        header.click_by_link_orders_feed()\n        with allure.step('Проверяем увеличение счетчика'):\n>           assert order_feed_page.get_count_completed_orders_for_today() == counter_before + 1\nE           assert 636 == (636 + 1)\nE            +  where 636 = <bound method OrdersFeedPage.get_count_completed_orders_for_today of <pages.orders_feed_page.OrdersFeedPage object at 0x10a569400>>()\nE            +    where <bound method OrdersFeedPage.get_count_completed_orders_for_today of <pages.orders_feed_page.OrdersFeedPage object at 0x10a569400>> = <pages.orders_feed_page.OrdersFeedPage object at 0x10a569400>.get_count_completed_orders_for_today\n\ntests/test_order_feed.py:52: AssertionError"}, "steps": [{"name": "Клик на ссылку 'Лента Заказов' в шапке сайта", "status": "passed", "start": 1721431064989, "stop": 1721431065740}, {"name": "Получаем количество выполненных заказов за сегодня", "status": "passed", "start": 1721431065740, "stop": 1721431066265}, {"name": "Клик на ссылку 'Конструктор' в шапке сайта", "status": "passed", "start": 1721431066265, "stop": 1721431066505}, {"name": "Добавляем ингредиент в заказ", "status": "passed", "parameters": [{"name": "index", "value": "1"}], "start": 1721431066506, "stop": 1721431066627}, {"name": "Добавляем ингредиент в заказ", "status": "passed", "parameters": [{"name": "index", "value": "4"}], "start": 1721431066628, "stop": 1721431066731}, {"name": "Клик на кнопку 'Оформить заказ'", "status": "passed", "start": 1721431066731, "stop": 1721431066955}, {"name": "Клик на крестик во всплывающем окне", "status": "passed", "start": 1721431066955, "stop": 1721431068723}, {"name": "Клик на ссылку 'Лента Заказов' в шапке сайта", "status": "passed", "start": 1721431068723, "stop": 1721431068957}, {"name": "Проверяем увеличение счетчика", "status": "failed", "statusDetails": {"message": "AssertionError: assert 636 == (636 + 1)\n +  where 636 = <bound method OrdersFeedPage.get_count_completed_orders_for_today of <pages.orders_feed_page.OrdersFeedPage object at 0x10a569400>>()\n +    where <bound method OrdersFeedPage.get_count_completed_orders_for_today of <pages.orders_feed_page.OrdersFeedPage object at 0x10a569400>> = <pages.orders_feed_page.OrdersFeedPage object at 0x10a569400>.get_count_completed_orders_for_today\n", "trace": "  File \"/Users/dunaeva.ev/Desktop/Diplom/Diplom_3/tests/test_order_feed.py\", line 52, in test_increases_completed_for_today_counter_after_creating_order\n    assert order_feed_page.get_count_completed_orders_for_today() == counter_before + 1\n"}, "steps": [{"name": "Получаем количество выполненных заказов за сегодня", "status": "passed", "start": 1721431068957, "stop": 1721431069759}], "start": 1721431068957, "stop": 1721431069760}], "parameters": [{"name": "web_drv", "value": "'firefox'"}], "start": 1721431064989, "stop": 1721431069760, "uuid": "1680c9fe-ba76-47b2-84fb-a3c08d26d3a8", "historyId": "8b36d0dc425a858d9f550481f5c1af3b", "testCaseId": "5b6fec177ab65104e3157ba5815e7631", "fullName": "tests.test_order_feed.TestSectionOrderFeed#test_increases_completed_for_today_counter_after_creating_order", "labels": [{"name": "parentSuite", "value": "tests"}, {"name": "suite", "value": "test_order_feed"}, {"name": "subSuite", "value": "TestSectionOrderFeed"}, {"name": "host", "value": "NB-ISC-14346"}, {"name": "thread", "value": "99456-MainThread"}, {"name": "framework", "value": "pytest"}, {"name": "language", "value": "cpython3"}, {"name": "package", "value": "tests.test_order_feed"}]}